<?xml version="1.0" encoding="UTF-8"?>
<!-- Generated by org.testng.reporters.JUnitReportReporter -->
<testsuite name="appiumAMFAM.Untitled2" tests="1" time="174.741" ignored="0" failures="0" timestamp="28 מאי 2018 13:27:28 GMT" skipped="0" hostname="AmitNahum" errors="0">
  <testcase name="testUntitled" time="174.741" classname="appiumAMFAM.Untitled2"/>
</testsuite> <!-- appiumAMFAM.Untitled2 -->
