<?xml version="1.0" encoding="UTF-8"?>
<!-- Generated by org.testng.reporters.JUnitReportReporter -->
<testsuite name="appiumAMFAM.TC03" tests="1" time="102.393" ignored="0" failures="0" timestamp="28 מאי 2018 13:41:26 GMT" skipped="0" hostname="AmitNahum" errors="0">
  <testcase name="testUntitled" time="102.393" classname="appiumAMFAM.TC03"/>
</testsuite> <!-- appiumAMFAM.TC03 -->
